<?xml version="1.0" encoding="UTF-8"?>
<testng-results skipped="0" failed="0" ignored="0" total="2" passed="2">
  <reporter-output>
    <line>
      <![CDATA[create]]>
    </line>
    <line>
      <![CDATA[delete]]>
    </line>
  </reporter-output>
  <suite name="Suite" duration-ms="180" started-at="2018-08-23T15:51:55Z" finished-at="2018-08-23T15:51:55Z">
    <groups>
    </groups>
    <test name="Test" duration-ms="180" started-at="2018-08-23T15:51:55Z" finished-at="2018-08-23T15:51:55Z">
      <class name="com.actitime.tests.TestA">
        <test-method status="PASS" signature="create()[pri:0, instance:com.actitime.tests.TestA@27efef64]" name="create" duration-ms="55" started-at="2018-08-23T15:51:55Z" finished-at="2018-08-23T15:51:55Z">
          <reporter-output>
            <line>
              <![CDATA[create]]>
            </line>
          </reporter-output>
        </test-method> <!-- create -->
        <test-method status="PASS" signature="delete()[pri:0, instance:com.actitime.tests.TestA@27efef64]" name="delete" duration-ms="5" started-at="2018-08-23T15:51:55Z" finished-at="2018-08-23T15:51:55Z">
          <reporter-output>
            <line>
              <![CDATA[delete]]>
            </line>
          </reporter-output>
        </test-method> <!-- delete -->
      </class> <!-- com.actitime.tests.TestA -->
    </test> <!-- Test -->
  </suite> <!-- Suite -->
</testng-results>
